\BOOKMARK [0][-]{chapter.1}{\376\377\000I\000n\000t\000r\000o\000d\000u\000c\000c\000i\000\363\000n}{}% 1
\BOOKMARK [1][-]{section.1.1}{\376\377\000D\000e\000f\000i\000n\000i\000c\000i\000\363\000n\000\040\000d\000e\000l\000\040\000p\000r\000o\000b\000l\000e\000m\000a}{chapter.1}% 2
\BOOKMARK [1][-]{section.1.2}{\376\377\000M\000o\000t\000i\000v\000a\000c\000i\000\363\000n}{chapter.1}% 3
\BOOKMARK [1][-]{section.1.3}{\376\377\000O\000b\000j\000e\000t\000i\000v\000o\000s}{chapter.1}% 4
\BOOKMARK [0][-]{chapter.2}{\376\377\000F\000u\000n\000d\000a\000m\000e\000n\000t\000o\000s\000\040\000t\000e\000\363\000r\000i\000c\000o\000s}{}% 5
\BOOKMARK [1][-]{section.2.1}{\376\377\000A\000p\000r\000e\000n\000d\000i\000z\000a\000j\000e\000\040\000a\000u\000t\000o\000m\000\341\000t\000i\000c\000o}{chapter.2}% 6
\BOOKMARK [1][-]{section.2.2}{\376\377\000A\000p\000r\000e\000n\000d\000i\000z\000a\000j\000e\000\040\000p\000r\000o\000f\000u\000n\000d\000o}{chapter.2}% 7
\BOOKMARK [2][-]{subsection.2.2.1}{\376\377\000R\000e\000d\000e\000s\000\040\000n\000e\000u\000r\000o\000n\000a\000l\000e\000s}{section.2.2}% 8
\BOOKMARK [2][-]{subsection.2.2.2}{\376\377\000R\000e\000d\000e\000s\000\040\000n\000e\000u\000r\000o\000n\000a\000l\000e\000s\000\040\000c\000o\000n\000v\000o\000l\000u\000c\000i\000o\000n\000a\000l\000e\000s}{section.2.2}% 9
\BOOKMARK [0][-]{chapter.3}{\376\377\000E\000s\000t\000a\000d\000o\000\040\000d\000e\000l\000\040\000A\000r\000t\000e}{}% 10
\BOOKMARK [1][-]{section.3.1}{\376\377\000P\000r\000i\000m\000e\000r\000o\000s\000\040\000e\000n\000f\000o\000q\000u\000e\000s}{chapter.3}% 11
\BOOKMARK [1][-]{section.3.2}{\376\377\000M\000e\000d\000i\000a\000P\000i\000p\000e\000\040\000I\000r\000i\000s}{chapter.3}% 12
\BOOKMARK [1][-]{section.3.3}{\376\377\000P\000e\000r\000s\000p\000e\000c\000t\000i\000v\000e\000X}{chapter.3}% 13
\BOOKMARK [1][-]{section.3.4}{\376\377\000F\000a\000c\000i\000a\000l\000S\000C\000D\000n\000e\000t}{chapter.3}% 14
\BOOKMARK [0][-]{chapter.4}{\376\377\000M\000a\000t\000e\000r\000i\000a\000l\000e\000s\000\040\000y\000\040\000m\000\351\000t\000o\000d\000o\000s}{}% 15
\BOOKMARK [1][-]{section.4.1}{\376\377\000M\000a\000t\000e\000r\000i\000a\000l\000e\000s}{chapter.4}% 16
\BOOKMARK [1][-]{section.4.2}{\376\377\000M\000\351\000t\000o\000d\000o\000s}{chapter.4}% 17
\BOOKMARK [0][-]{chapter.5}{\376\377\000E\000x\000p\000e\000r\000i\000m\000e\000n\000t\000o\000s}{}% 18
\BOOKMARK [1][-]{section.5.1}{\376\377\000.\000.\000.}{chapter.5}% 19
\BOOKMARK [1][-]{section.5.2}{\376\377\000.\000.\000.}{chapter.5}% 20
\BOOKMARK [1][-]{section.5.3}{\376\377\000.\000.\000.}{chapter.5}% 21
\BOOKMARK [0][-]{chapter.6}{\376\377\000C\000o\000n\000c\000l\000u\000s\000i\000o\000n\000e\000s\000\040\000y\000\040\000t\000r\000a\000b\000a\000j\000o\000s\000\040\000f\000u\000t\000u\000r\000o\000s}{}% 22
\BOOKMARK [1][-]{section.6.1}{\376\377\000.\000.\000.}{chapter.6}% 23
\BOOKMARK [1][-]{section.6.2}{\376\377\000.\000.\000.}{chapter.6}% 24
\BOOKMARK [1][-]{section.6.3}{\376\377\000.\000.\000.}{chapter.6}% 25
